<Test>
  <Name>test-asn1-encoding</Name>
  <Result>PASS</Result>
  <Time real="0.000" user="0.000" system="0.000"/>
  <Test>
    <Name>Testing RrcConnectionRequest</Name>
    <Result>PASS</Result>
    <Time real="0.000" user="0.000" system="0.000"/>
  </Test>
  <Test>
    <Name>Testing RrcConnectionSetupTestCase</Name>
    <Result>PASS</Result>
    <Time real="0.000" user="0.000" system="0.000"/>
  </Test>
  <Test>
    <Name>Testing RrcConnectionSetupCompleteTestCase</Name>
    <Result>PASS</Result>
    <Time real="0.000" user="0.000" system="0.000"/>
  </Test>
  <Test>
    <Name>Testing RrcConnectionReconfigurationCompleteTestCase</Name>
    <Result>PASS</Result>
    <Time real="0.000" user="0.000" system="0.000"/>
  </Test>
  <Test>
    <Name>Testing RrcConnectionReconfigurationTestCase</Name>
    <Result>PASS</Result>
    <Time real="0.000" user="0.000" system="0.000"/>
  </Test>
  <Test>
    <Name>Testing HandoverPreparationInfoTestCase</Name>
    <Result>PASS</Result>
    <Time real="0.000" user="0.000" system="0.000"/>
  </Test>
  <Test>
    <Name>Testing RrcConnectionReestablishmentRequestTestCase</Name>
    <Result>PASS</Result>
    <Time real="0.000" user="0.000" system="0.000"/>
  </Test>
  <Test>
    <Name>Testing RrcConnectionReestablishmentTestCase</Name>
    <Result>PASS</Result>
    <Time real="0.000" user="0.000" system="0.000"/>
  </Test>
  <Test>
    <Name>Testing RrcConnectionReestablishmentCompleteTestCase</Name>
    <Result>PASS</Result>
    <Time real="0.000" user="0.000" system="0.000"/>
  </Test>
  <Test>
    <Name>Testing RrcConnectionRejectTestCase</Name>
    <Result>PASS</Result>
    <Time real="0.000" user="0.000" system="0.000"/>
  </Test>
  <Test>
    <Name>Testing MeasurementReportTestCase</Name>
    <Result>PASS</Result>
    <Time real="0.000" user="0.000" system="0.000"/>
  </Test>
</Test>
